<?xml version="1.0" encoding="UTF-8"?>
<!-- Generated by org.testng.reporters.JUnitReportReporter -->
<testsuite hostname="Lenovo-PC" name="vivo.mobile.testing.app.ApiDemos" tests="1" failures="0" timestamp="9 Jul 2020 12:18:35 GMT" time="11.519" errors="0">
  <testcase name="test_InstallApiDemos" time="11.519" classname="vivo.mobile.testing.app.ApiDemos"/>
</testsuite> <!-- vivo.mobile.testing.app.ApiDemos -->
