<?xml version="1.0" encoding="UTF-8"?>
<!-- Generated by org.testng.reporters.JUnitReportReporter -->
<testsuite hostname="Lenovo-PC" name="vivo.mobile.testing.app.LaunchApp" tests="1" failures="0" timestamp="11 Jul 2020 22:06:49 GMT" time="9.264" errors="0">
  <testcase name="test_LaunchApp" time="9.264" classname="vivo.mobile.testing.app.LaunchApp"/>
</testsuite> <!-- vivo.mobile.testing.app.LaunchApp -->
