<?xml version="1.0" encoding="UTF-8"?>
<!-- Generated by org.testng.reporters.JUnitReportReporter -->
<testsuite hostname="Lenovo-PC" name="vivo.mobile.testing.app.LaunchApp" tests="1" failures="0" timestamp="13 Jul 2020 21:41:52 GMT" time="18.797" errors="0">
  <testcase name="test_LaunchApp" time="18.797" classname="vivo.mobile.testing.app.LaunchApp"/>
</testsuite> <!-- vivo.mobile.testing.app.LaunchApp -->
